

Started GET "/" for ::1 at 2018-04-07 13:30:31 -0400

ActiveRecord::PendingMigrationError - Migrations are pending. To resolve this issue, run:

	bin/rake db:migrate RAILS_ENV=development

:



Started POST "/__better_errors/4e631f50d88f162c/variables" for ::1 at 2018-04-07 13:30:31 -0400


Started GET "/favicon.ico" for ::1 at 2018-04-07 13:30:33 -0400

ActiveRecord::PendingMigrationError - Migrations are pending. To resolve this issue, run:

	bin/rake db:migrate RAILS_ENV=development

:

  [1m[36m (2.1ms)[0m  [1mCREATE TABLE "schema_migrations" ("version" varchar NOT NULL) [0m
  [1m[35m (0.1ms)[0m  select sqlite_version(*)
  [1m[36m (1.7ms)[0m  [1mCREATE UNIQUE INDEX "unique_schema_migrations" ON "schema_migrations" ("version")[0m
  [1m[35mActiveRecord::SchemaMigration Load (0.1ms)[0m  SELECT "schema_migrations".* FROM "schema_migrations"
Migrating to AddDeviseToUsers (20180407170259)
  [1m[36m (0.1ms)[0m  [1mbegin transaction[0m
  [1m[35m (0.8ms)[0m  ALTER TABLE "users" ADD "email" varchar DEFAULT '' NOT NULL
  [1m[36m (0.3ms)[0m  [1mrollback transaction[0m
  [1m[36m (2.2ms)[0m  [1mCREATE TABLE "schema_migrations" ("version" varchar NOT NULL) [0m
  [1m[35m (0.1ms)[0m  select sqlite_version(*)
  [1m[36m (3.4ms)[0m  [1mCREATE UNIQUE INDEX "unique_schema_migrations" ON "schema_migrations" ("version")[0m
  [1m[35mActiveRecord::SchemaMigration Load (0.2ms)[0m  SELECT "schema_migrations".* FROM "schema_migrations"
Migrating to DeviseCreateUsers (20180407193806)
  [1m[36m (0.1ms)[0m  [1mbegin transaction[0m
  [1m[35m (0.8ms)[0m  CREATE TABLE "users" ("id" INTEGER PRIMARY KEY AUTOINCREMENT NOT NULL, "email" varchar DEFAULT '' NOT NULL, "encrypted_password" varchar DEFAULT '' NOT NULL, "reset_password_token" varchar, "reset_password_sent_at" datetime, "remember_created_at" datetime, "sign_in_count" integer DEFAULT 0 NOT NULL, "current_sign_in_at" datetime, "last_sign_in_at" datetime, "current_sign_in_ip" varchar, "last_sign_in_ip" varchar, "created_at" datetime NOT NULL, "updated_at" datetime NOT NULL) 
  [1m[36m (0.4ms)[0m  [1mCREATE UNIQUE INDEX "index_users_on_email" ON "users" ("email")[0m
  [1m[35m (0.2ms)[0m              SELECT sql
            FROM sqlite_master
            WHERE name='index_users_on_email' AND type='index'
            UNION ALL
            SELECT sql
            FROM sqlite_temp_master
            WHERE name='index_users_on_email' AND type='index'

  [1m[36m (0.2ms)[0m  [1mCREATE UNIQUE INDEX "index_users_on_reset_password_token" ON "users" ("reset_password_token")[0m
  [1m[35mSQL (0.3ms)[0m  INSERT INTO "schema_migrations" ("version") VALUES (?)  [["version", "20180407193806"]]
  [1m[36m (1.7ms)[0m  [1mcommit transaction[0m
Migrating to AddOmniauthToUsers (20180407194021)
  [1m[35m (0.1ms)[0m  begin transaction
  [1m[36m (0.9ms)[0m  [1mALTER TABLE "users" ADD "provider" varchar[0m
  [1m[35m (0.2ms)[0m              SELECT sql
            FROM sqlite_master
            WHERE name='index_users_on_reset_password_token' AND type='index'
            UNION ALL
            SELECT sql
            FROM sqlite_temp_master
            WHERE name='index_users_on_reset_password_token' AND type='index'

  [1m[36m (0.1ms)[0m  [1m            SELECT sql
            FROM sqlite_master
            WHERE name='index_users_on_email' AND type='index'
            UNION ALL
            SELECT sql
            FROM sqlite_temp_master
            WHERE name='index_users_on_email' AND type='index'
[0m
  [1m[35m (0.3ms)[0m  CREATE  INDEX "index_users_on_provider" ON "users" ("provider")
  [1m[36m (0.3ms)[0m  [1mALTER TABLE "users" ADD "uid" varchar[0m
  [1m[35m (0.1ms)[0m              SELECT sql
            FROM sqlite_master
            WHERE name='index_users_on_provider' AND type='index'
            UNION ALL
            SELECT sql
            FROM sqlite_temp_master
            WHERE name='index_users_on_provider' AND type='index'

  [1m[36m (0.1ms)[0m  [1m            SELECT sql
            FROM sqlite_master
            WHERE name='index_users_on_reset_password_token' AND type='index'
            UNION ALL
            SELECT sql
            FROM sqlite_temp_master
            WHERE name='index_users_on_reset_password_token' AND type='index'
[0m
  [1m[35m (0.1ms)[0m              SELECT sql
            FROM sqlite_master
            WHERE name='index_users_on_email' AND type='index'
            UNION ALL
            SELECT sql
            FROM sqlite_temp_master
            WHERE name='index_users_on_email' AND type='index'

  [1m[36m (0.2ms)[0m  [1mCREATE  INDEX "index_users_on_uid" ON "users" ("uid")[0m
  [1m[35mSQL (0.4ms)[0m  INSERT INTO "schema_migrations" ("version") VALUES (?)  [["version", "20180407194021"]]
  [1m[36m (1.5ms)[0m  [1mcommit transaction[0m
  [1m[35mActiveRecord::SchemaMigration Load (0.2ms)[0m  SELECT "schema_migrations".* FROM "schema_migrations"
  [1m[36m (0.3ms)[0m  [1m            SELECT sql
            FROM sqlite_master
            WHERE name='index_users_on_uid' AND type='index'
            UNION ALL
            SELECT sql
            FROM sqlite_temp_master
            WHERE name='index_users_on_uid' AND type='index'
[0m
  [1m[35m (0.2ms)[0m              SELECT sql
            FROM sqlite_master
            WHERE name='index_users_on_provider' AND type='index'
            UNION ALL
            SELECT sql
            FROM sqlite_temp_master
            WHERE name='index_users_on_provider' AND type='index'

  [1m[36m (0.2ms)[0m  [1m            SELECT sql
            FROM sqlite_master
            WHERE name='index_users_on_reset_password_token' AND type='index'
            UNION ALL
            SELECT sql
            FROM sqlite_temp_master
            WHERE name='index_users_on_reset_password_token' AND type='index'
[0m
  [1m[35m (0.2ms)[0m              SELECT sql
            FROM sqlite_master
            WHERE name='index_users_on_email' AND type='index'
            UNION ALL
            SELECT sql
            FROM sqlite_temp_master
            WHERE name='index_users_on_email' AND type='index'



Started GET "/" for 127.0.0.1 at 2018-04-07 16:08:20 -0400
  [1m[36mActiveRecord::SchemaMigration Load (0.5ms)[0m  [1mSELECT "schema_migrations".* FROM "schema_migrations"[0m

NameError - uninitialized constant StoreController:



Started POST "/__better_errors/743c5d75dd5be3e1/variables" for 127.0.0.1 at 2018-04-07 16:08:21 -0400


Started GET "/favicon.ico" for 127.0.0.1 at 2018-04-07 16:08:24 -0400

ActionController::RoutingError (No route matches [GET] "/favicon.ico"):
  actionpack (4.2.10) lib/action_dispatch/middleware/debug_exceptions.rb:21:in `call'
  actionpack (4.2.10) lib/action_dispatch/middleware/show_exceptions.rb:30:in `call'
  railties (4.2.10) lib/rails/rack/logger.rb:38:in `call_app'
  railties (4.2.10) lib/rails/rack/logger.rb:20:in `block in call'
  activesupport (4.2.10) lib/active_support/tagged_logging.rb:68:in `block in tagged'
  activesupport (4.2.10) lib/active_support/tagged_logging.rb:26:in `tagged'
  activesupport (4.2.10) lib/active_support/tagged_logging.rb:68:in `tagged'
  railties (4.2.10) lib/rails/rack/logger.rb:20:in `call'
  actionpack (4.2.10) lib/action_dispatch/middleware/request_id.rb:21:in `call'
  rack (1.6.9) lib/rack/methodoverride.rb:22:in `call'
  rack (1.6.9) lib/rack/runtime.rb:18:in `call'
  activesupport (4.2.10) lib/active_support/cache/strategy/local_cache_middleware.rb:28:in `call'
  rack (1.6.9) lib/rack/lock.rb:17:in `call'
  actionpack (4.2.10) lib/action_dispatch/middleware/static.rb:120:in `call'
  rack (1.6.9) lib/rack/sendfile.rb:113:in `call'
  actionpack (4.2.10) lib/action_dispatch/middleware/ssl.rb:24:in `call'
  railties (4.2.10) lib/rails/engine.rb:518:in `call'
  railties (4.2.10) lib/rails/application.rb:165:in `call'
  thin (1.7.2) lib/thin/connection.rb:86:in `block in pre_process'
  thin (1.7.2) lib/thin/connection.rb:84:in `catch'
  thin (1.7.2) lib/thin/connection.rb:84:in `pre_process'
  thin (1.7.2) lib/thin/connection.rb:53:in `process'
  thin (1.7.2) lib/thin/connection.rb:39:in `receive_data'
  eventmachine (1.2.5) lib/eventmachine.rb:194:in `run_machine'
  eventmachine (1.2.5) lib/eventmachine.rb:194:in `run'
  thin (1.7.2) lib/thin/backends/base.rb:73:in `start'
  thin (1.7.2) lib/thin/server.rb:162:in `start'
  thin (1.7.2) lib/thin/controllers/controller.rb:87:in `start'
  thin (1.7.2) lib/thin/runner.rb:203:in `run_command'
  thin (1.7.2) lib/thin/runner.rb:159:in `run!'
  thin (1.7.2) bin/thin:6:in `<top (required)>'
  /usr/local/bin/thin:22:in `load'
  /usr/local/bin/thin:22:in `<top (required)>'
  bundler (1.16.1) lib/bundler/cli/exec.rb:75:in `load'
  bundler (1.16.1) lib/bundler/cli/exec.rb:75:in `kernel_load'
  bundler (1.16.1) lib/bundler/cli/exec.rb:28:in `run'
  bundler (1.16.1) lib/bundler/cli.rb:424:in `exec'
  bundler (1.16.1) lib/bundler/vendor/thor/lib/thor/command.rb:27:in `run'
  bundler (1.16.1) lib/bundler/vendor/thor/lib/thor/invocation.rb:126:in `invoke_command'
  bundler (1.16.1) lib/bundler/vendor/thor/lib/thor.rb:387:in `dispatch'
  bundler (1.16.1) lib/bundler/cli.rb:27:in `dispatch'
  bundler (1.16.1) lib/bundler/vendor/thor/lib/thor/base.rb:466:in `start'
  bundler (1.16.1) lib/bundler/cli.rb:18:in `start'
  bundler (1.16.1) exe/bundle:30:in `block in <top (required)>'
  bundler (1.16.1) lib/bundler/friendly_errors.rb:122:in `with_friendly_errors'
  bundler (1.16.1) exe/bundle:22:in `<top (required)>'
  /usr/local/bin/bundle:22:in `load'
  /usr/local/bin/bundle:22:in `<main>'


  Rendered /Library/Ruby/Gems/2.3.0/gems/actionpack-4.2.10/lib/action_dispatch/middleware/templates/rescues/_trace.html.erb (5.1ms)
  Rendered /Library/Ruby/Gems/2.3.0/gems/actionpack-4.2.10/lib/action_dispatch/middleware/templates/routes/_route.html.erb (6.3ms)
  Rendered /Library/Ruby/Gems/2.3.0/gems/actionpack-4.2.10/lib/action_dispatch/middleware/templates/routes/_table.html.erb (26.6ms)
  Rendered /Library/Ruby/Gems/2.3.0/gems/actionpack-4.2.10/lib/action_dispatch/middleware/templates/rescues/_request_and_response.html.erb (65.3ms)
  Rendered /Library/Ruby/Gems/2.3.0/gems/actionpack-4.2.10/lib/action_dispatch/middleware/templates/rescues/routing_error.html.erb within rescues/layout (452.4ms)


Started GET "/" for 127.0.0.1 at 2018-04-07 16:21:49 -0400
  [1m[36mActiveRecord::SchemaMigration Load (0.4ms)[0m  [1mSELECT "schema_migrations".* FROM "schema_migrations"[0m

NameError - uninitialized constant HomeController:



Started POST "/__better_errors/f20295182499fc4b/variables" for 127.0.0.1 at 2018-04-07 16:21:50 -0400


Started GET "/" for 127.0.0.1 at 2018-04-07 16:22:44 -0400

NameError - uninitialized constant ApplicationController:
  app/controllers/home_controller.rb:1:in `<top (required)>'



Started POST "/__better_errors/b500664c6d457f80/variables" for 127.0.0.1 at 2018-04-07 16:22:44 -0400


Started GET "/" for 127.0.0.1 at 2018-04-07 16:23:40 -0400
Processing by HomeController#index as HTML
  Rendered home/index.html.erb (3.0ms)
Completed 200 OK in 33ms (Views: 32.2ms | ActiveRecord: 0.0ms)


Started GET "/users/auth/facebook" for 127.0.0.1 at 2018-04-07 16:23:43 -0400
Processing by Devise::OmniauthCallbacksController#passthru as HTML
  Rendered text template (0.0ms)
Completed 404 Not Found in 6ms (Views: 5.9ms | ActiveRecord: 0.0ms)


Started GET "/users/auth/facebook" for 127.0.0.1 at 2018-04-07 16:37:51 -0400

NameError - uninitialized constant Users:



Started POST "/__better_errors/036de650e2599e2d/variables" for 127.0.0.1 at 2018-04-07 16:37:51 -0400


Started GET "/" for 127.0.0.1 at 2018-04-07 16:38:09 -0400
Processing by HomeController#index as HTML
  Rendered home/index.html.erb (0.3ms)
Completed 200 OK in 17ms (Views: 16.9ms | ActiveRecord: 0.0ms)


Started GET "/" for 127.0.0.1 at 2018-04-07 16:38:10 -0400
Processing by HomeController#index as HTML
  Rendered home/index.html.erb (0.2ms)
Completed 200 OK in 13ms (Views: 13.1ms | ActiveRecord: 0.0ms)


Started GET "/users/auth/facebook" for 127.0.0.1 at 2018-04-07 16:38:11 -0400

NameError - uninitialized constant Users:



Started POST "/__better_errors/1d1774f0ba4d76b7/variables" for 127.0.0.1 at 2018-04-07 16:38:12 -0400


Started GET "/users/auth/facebook" for 127.0.0.1 at 2018-04-07 16:38:56 -0400

RuntimeError - Wrong OmniAuth configuration. If you are getting this exception, it means that either:

1) You are manually setting OmniAuth.config.path_prefix and it doesn't match the Devise one
2) You are setting :omniauthable in more than one model
3) You changed your Devise routes/OmniAuth setting and haven't restarted your server:
  config/routes.rb:3:in `block in <top (required)>'
  config/routes.rb:1:in `<top (required)>'



Started POST "/__better_errors/399dd9bcb6d97910/variables" for 127.0.0.1 at 2018-04-07 16:38:56 -0400


Started GET "/" for 127.0.0.1 at 2018-04-07 16:39:38 -0400
  [1m[36mActiveRecord::SchemaMigration Load (1.0ms)[0m  [1mSELECT "schema_migrations".* FROM "schema_migrations"[0m
Processing by HomeController#index as HTML
  Rendered home/index.html.erb (2.4ms)
Completed 200 OK in 30ms (Views: 29.6ms | ActiveRecord: 0.0ms)


Started GET "/" for 127.0.0.1 at 2018-04-07 16:39:38 -0400
Processing by HomeController#index as HTML
  Rendered home/index.html.erb (0.2ms)
Completed 200 OK in 13ms (Views: 12.8ms | ActiveRecord: 0.0ms)


Started GET "/user/auth/facebook" for 127.0.0.1 at 2018-04-07 16:39:41 -0400

NameError - uninitialized constant Users:



Started POST "/__better_errors/ffb3afbd192bdae1/variables" for 127.0.0.1 at 2018-04-07 16:39:41 -0400


Started GET "/user/auth/facebook" for 127.0.0.1 at 2018-04-07 16:44:28 -0400
  [1m[36mActiveRecord::SchemaMigration Load (0.6ms)[0m  [1mSELECT "schema_migrations".* FROM "schema_migrations"[0m

ActionController::RoutingError (No route matches [GET] "/user/auth/facebook"):
  actionpack (4.2.10) lib/action_dispatch/middleware/debug_exceptions.rb:21:in `call'
  actionpack (4.2.10) lib/action_dispatch/middleware/show_exceptions.rb:30:in `call'
  railties (4.2.10) lib/rails/rack/logger.rb:38:in `call_app'
  railties (4.2.10) lib/rails/rack/logger.rb:20:in `block in call'
  activesupport (4.2.10) lib/active_support/tagged_logging.rb:68:in `block in tagged'
  activesupport (4.2.10) lib/active_support/tagged_logging.rb:26:in `tagged'
  activesupport (4.2.10) lib/active_support/tagged_logging.rb:68:in `tagged'
  railties (4.2.10) lib/rails/rack/logger.rb:20:in `call'
  actionpack (4.2.10) lib/action_dispatch/middleware/request_id.rb:21:in `call'
  rack (1.6.9) lib/rack/methodoverride.rb:22:in `call'
  rack (1.6.9) lib/rack/runtime.rb:18:in `call'
  activesupport (4.2.10) lib/active_support/cache/strategy/local_cache_middleware.rb:28:in `call'
  rack (1.6.9) lib/rack/lock.rb:17:in `call'
  actionpack (4.2.10) lib/action_dispatch/middleware/static.rb:120:in `call'
  rack (1.6.9) lib/rack/sendfile.rb:113:in `call'
  actionpack (4.2.10) lib/action_dispatch/middleware/ssl.rb:24:in `call'
  railties (4.2.10) lib/rails/engine.rb:518:in `call'
  railties (4.2.10) lib/rails/application.rb:165:in `call'
  thin (1.7.2) lib/thin/connection.rb:86:in `block in pre_process'
  thin (1.7.2) lib/thin/connection.rb:84:in `catch'
  thin (1.7.2) lib/thin/connection.rb:84:in `pre_process'
  thin (1.7.2) lib/thin/connection.rb:53:in `process'
  thin (1.7.2) lib/thin/connection.rb:39:in `receive_data'
  eventmachine (1.2.5) lib/eventmachine.rb:194:in `run_machine'
  eventmachine (1.2.5) lib/eventmachine.rb:194:in `run'
  thin (1.7.2) lib/thin/backends/base.rb:73:in `start'
  thin (1.7.2) lib/thin/server.rb:162:in `start'
  thin (1.7.2) lib/thin/controllers/controller.rb:87:in `start'
  thin (1.7.2) lib/thin/runner.rb:203:in `run_command'
  thin (1.7.2) lib/thin/runner.rb:159:in `run!'
  thin (1.7.2) bin/thin:6:in `<top (required)>'
  /usr/local/bin/thin:22:in `load'
  /usr/local/bin/thin:22:in `<top (required)>'
  bundler (1.16.1) lib/bundler/cli/exec.rb:75:in `load'
  bundler (1.16.1) lib/bundler/cli/exec.rb:75:in `kernel_load'
  bundler (1.16.1) lib/bundler/cli/exec.rb:28:in `run'
  bundler (1.16.1) lib/bundler/cli.rb:424:in `exec'
  bundler (1.16.1) lib/bundler/vendor/thor/lib/thor/command.rb:27:in `run'
  bundler (1.16.1) lib/bundler/vendor/thor/lib/thor/invocation.rb:126:in `invoke_command'
  bundler (1.16.1) lib/bundler/vendor/thor/lib/thor.rb:387:in `dispatch'
  bundler (1.16.1) lib/bundler/cli.rb:27:in `dispatch'
  bundler (1.16.1) lib/bundler/vendor/thor/lib/thor/base.rb:466:in `start'
  bundler (1.16.1) lib/bundler/cli.rb:18:in `start'
  bundler (1.16.1) exe/bundle:30:in `block in <top (required)>'
  bundler (1.16.1) lib/bundler/friendly_errors.rb:122:in `with_friendly_errors'
  bundler (1.16.1) exe/bundle:22:in `<top (required)>'
  /usr/local/bin/bundle:22:in `load'
  /usr/local/bin/bundle:22:in `<main>'


  Rendered /Library/Ruby/Gems/2.3.0/gems/actionpack-4.2.10/lib/action_dispatch/middleware/templates/rescues/_trace.html.erb (2.4ms)
  Rendered /Library/Ruby/Gems/2.3.0/gems/actionpack-4.2.10/lib/action_dispatch/middleware/templates/routes/_route.html.erb (1.9ms)
  Rendered /Library/Ruby/Gems/2.3.0/gems/actionpack-4.2.10/lib/action_dispatch/middleware/templates/routes/_table.html.erb (13.4ms)
  Rendered /Library/Ruby/Gems/2.3.0/gems/actionpack-4.2.10/lib/action_dispatch/middleware/templates/rescues/_request_and_response.html.erb (38.8ms)
  Rendered /Library/Ruby/Gems/2.3.0/gems/actionpack-4.2.10/lib/action_dispatch/middleware/templates/rescues/routing_error.html.erb within rescues/layout (193.1ms)


Started GET "/" for 127.0.0.1 at 2018-04-07 16:44:36 -0400
Processing by HomeController#index as HTML
  Rendered home/index.html.erb (1.3ms)
Completed 200 OK in 20ms (Views: 19.3ms | ActiveRecord: 0.0ms)


Started GET "/" for 127.0.0.1 at 2018-04-07 16:44:37 -0400
Processing by HomeController#index as HTML
  Rendered home/index.html.erb (0.2ms)
Completed 200 OK in 12ms (Views: 11.5ms | ActiveRecord: 0.0ms)


Started GET "/users/auth/facebook" for 127.0.0.1 at 2018-04-07 16:44:39 -0400
Processing by Users::OmniauthCallbacksController#passthru as HTML
  Rendered text template (0.1ms)
Completed 404 Not Found in 11ms (Views: 10.3ms | ActiveRecord: 0.0ms)


Started GET "/users/auth/facebook" for 127.0.0.1 at 2018-04-07 17:00:28 -0400
Processing by Users::OmniauthCallbacksController#passthru as HTML
  Rendered text template (0.0ms)
Completed 404 Not Found in 4ms (Views: 3.8ms | ActiveRecord: 0.0ms)


Started GET "/" for 127.0.0.1 at 2018-04-07 17:00:36 -0400
Processing by HomeController#index as HTML
  Rendered home/index.html.erb (0.3ms)
Completed 200 OK in 24ms (Views: 24.1ms | ActiveRecord: 0.0ms)


Started GET "/" for 127.0.0.1 at 2018-04-07 17:00:37 -0400
Processing by HomeController#index as HTML
  Rendered home/index.html.erb (0.2ms)
Completed 200 OK in 20ms (Views: 19.9ms | ActiveRecord: 0.0ms)


Started GET "/users/auth/facebook" for 127.0.0.1 at 2018-04-07 17:00:50 -0400
  [1m[36mActiveRecord::SchemaMigration Load (0.4ms)[0m  [1mSELECT "schema_migrations".* FROM "schema_migrations"[0m


Started GET "/users/auth/facebook/callback?code=AQAA5lJbfFRrC30tWI8Fynb7AuNcgHVyuR75KXqj70mKrak_zVOIM8AAdQIjA_akZFeKG4JFRts-y7HQD2cYc_vPaZOU_4N4Zj4RIRjumlEA-l6H42XhkEG1NEZzgeAaIo_teghNNMfUh8Xj5adD9I-U6CGQbBYEn5lzAwUf_SgdysuGqkVY5slEaf2t1xROmbm-rvlY1PtSNX9T6mbxb_jSrOLsiRh00Pomfbj56eI82_xZdrGMeyCBE9m_WQs-7nbnW4_1o_c3MD5h4Nby-EdXDND0S6It70XAFEPv9h6c4tIB14nKcU50shtr7SgHyi5xeLE5jBlTeYIpr2g9FDRlVWXpqyeHamaCldF8Zl6ccQ&state=e96bb20c5e05c58878845a9b8a391c0f73da0a0a9f8aca6e" for 127.0.0.1 at 2018-04-07 17:00:59 -0400
Processing by Users::OmniauthCallbacksController#facebook as HTML
  Parameters: {"code"=>"AQAA5lJbfFRrC30tWI8Fynb7AuNcgHVyuR75KXqj70mKrak_zVOIM8AAdQIjA_akZFeKG4JFRts-y7HQD2cYc_vPaZOU_4N4Zj4RIRjumlEA-l6H42XhkEG1NEZzgeAaIo_teghNNMfUh8Xj5adD9I-U6CGQbBYEn5lzAwUf_SgdysuGqkVY5slEaf2t1xROmbm-rvlY1PtSNX9T6mbxb_jSrOLsiRh00Pomfbj56eI82_xZdrGMeyCBE9m_WQs-7nbnW4_1o_c3MD5h4Nby-EdXDND0S6It70XAFEPv9h6c4tIB14nKcU50shtr7SgHyi5xeLE5jBlTeYIpr2g9FDRlVWXpqyeHamaCldF8Zl6ccQ", "state"=>"e96bb20c5e05c58878845a9b8a391c0f73da0a0a9f8aca6e"}
  [1m[35mUser Load (0.8ms)[0m  SELECT  "users".* FROM "users" WHERE "users"."provider" = ? AND "users"."uid" = ?  ORDER BY "users"."id" ASC LIMIT 1  [["provider", "facebook"], ["uid", "10101708514914570"]]
  [1m[36m (0.1ms)[0m  [1mbegin transaction[0m
  [1m[35mUser Exists (0.6ms)[0m  SELECT  1 AS one FROM "users" WHERE "users"."email" = 'sherryptk@gmail.com' LIMIT 1
  [1m[36mSQL (2.1ms)[0m  [1mINSERT INTO "users" ("provider", "uid", "email", "encrypted_password", "created_at", "updated_at") VALUES (?, ?, ?, ?, ?, ?)[0m  [["provider", "facebook"], ["uid", "10101708514914570"], ["email", "sherryptk@gmail.com"], ["encrypted_password", "$2a$11$zOJCR6nvU93mUoHfgIuWnO/XcodZ3COcR50gCUTEGQdBX46mtoism"], ["created_at", "2018-04-07 21:01:00.580741"], ["updated_at", "2018-04-07 21:01:00.580741"]]
  [1m[35m (1.4ms)[0m  commit transaction
  [1m[36mUser Load (0.6ms)[0m  [1mSELECT  "users".* FROM "users" WHERE "users"."id" = ?  ORDER BY "users"."id" ASC LIMIT 1[0m  [["id", 1]]
  [1m[35m (0.1ms)[0m  begin transaction
  [1m[36mSQL (0.4ms)[0m  [1mUPDATE "users" SET "last_sign_in_at" = ?, "current_sign_in_at" = ?, "last_sign_in_ip" = ?, "current_sign_in_ip" = ?, "sign_in_count" = ?, "updated_at" = ? WHERE "users"."id" = ?[0m  [["last_sign_in_at", "2018-04-07 21:01:00.587722"], ["current_sign_in_at", "2018-04-07 21:01:00.587722"], ["last_sign_in_ip", "127.0.0.1"], ["current_sign_in_ip", "127.0.0.1"], ["sign_in_count", 1], ["updated_at", "2018-04-07 21:01:00.588649"], ["id", 1]]
  [1m[35m (1.5ms)[0m  commit transaction
Redirected to https://localhost:3000/
Completed 302 Found in 245ms (ActiveRecord: 8.2ms)


Started GET "/" for 127.0.0.1 at 2018-04-07 17:01:00 -0400
Processing by HomeController#index as HTML
  Rendered home/index.html.erb (2.6ms)
Completed 200 OK in 29ms (Views: 28.7ms | ActiveRecord: 0.0ms)
